#
# A fatal error has been detected by the Java Runtime Environment:
#
#  EXCEPTION_ACCESS_VIOLATION (0xc0000005) at pc=0x0000000000000000, pid=27276, tid=28292
#
# JRE version: Java(TM) SE Runtime Environment (23.0.1+11) (build 23.0.1+11-39)
# Java VM: Java HotSpot(TM) 64-Bit Server VM (23.0.1+11-39, mixed mode, sharing, tiered, compressed oops, compressed class ptrs, g1 gc, windows-amd64)
# Problematic frame:
# C  [jdwp.dll+0x161f3]
#
# No core dump will be written. Minidumps are not enabled by default on client versions of Windows
#
# If you would like to submit a bug report, please visit:
#   https://bugreport.java.com/bugreport/crash.jsp
# The crash happened outside the Java Virtual Machine in native code.
# See problematic frame for where to report the bug.
#

---------------  S U M M A R Y ------------

Command Line: -Ddebugger.agent.enable.coroutines=true -Dkotlinx.coroutines.debug.enable.creation.stack.trace=false -Dkotlinx.coroutines.debug.enable.flows.stack.trace=true -Dkotlinx.coroutines.debug.enable.mutable.state.flows.stack.trace=true -agentlib:jdwp=transport=dt_socket,server=n,suspend=y,address=127.0.0.1:55250 -javaagent:C:\Users\sameed\AppData\Local\JetBrains\IdeaIC2024.3\captureAgent\debugger-agent.jar -Dfile.encoding=UTF-8 -Duser.country=IN -Duser.language=en -Duser.variant -ea Main

Host: AMD Ryzen 7 8845HS w/ Radeon 780M Graphics     , 16 cores, 31G,  Windows 11 , 64 bit Build 26100 (10.0.26100.3323)
Time: Tue Apr  8 22:12:26 2025 India Standard Time elapsed time: 0.980276 seconds (0d 0h 0m 0s)

---------------  T H R E A D  ---------------

Current thread (0x000001e755f7c210):  JavaThread "main"             [_thread_in_native, id=28292, stack(0x000000d067a00000,0x000000d067b00000) (1024K)]

Stack: [0x000000d067a00000,0x000000d067b00000],  sp=0x000000d067afeb50,  free space=1018k
Native frames: (J=compiled Java code, j=interpreted, Vv=VM code, C=native code)

Java frames: (J=compiled Java code, j=interpreted, Vv=VM code)
j  jade.Window.changeScene(I)V+28
j  jade.Window.init()V+162
j  jade.Window.run()V+15
j  Main.main([Ljava/lang/String;)V+5
v  ~StubRoutines::call_stub 0x000001e768030fcd

siginfo: EXCEPTION_ACCESS_VIOLATION (0xc0000005), data execution prevention violation at address 0x0000000000000000


Registers:
RAX=0x000001e747f5de20, RBX=0x000001e77a4ced10, RCX=0x000001e755f7c5d0, RDX=0x000001e77a4ced10
RSP=0x000000d067afeb48, RBP=0x0000000000000002, RSI=0x000000d067afebf0, RDI=0x000001e755f7c5d0
R8 =0x0000000000010002, R9 =0x0000000000000000, R10=0x00007ffc6b010000, R11=0x000000d067afeb18
R12=0x0000000000000007, R13=0x000001e77a4ced10, R14=0x00007ffc53a00400, R15=0x0000000000000000
RIP=0x0000000000000000, EFLAGS=0x0000000000010202


Register to memory mapping:

RAX=0x000001e747f5de20 points into unknown readable memory: 0x0000000000000000 | 00 00 00 00 00 00 00 00
RBX=0x000001e77a4ced10 points into unknown readable memory: 0x000000062a40a4d8 | d8 a4 40 2a 06 00 00 00
RCX=0x000001e755f7c5d0 points into unknown readable memory: 0x000001e747f5de20 | 20 de f5 47 e7 01 00 00
RDX=0x000001e77a4ced10 points into unknown readable memory: 0x000000062a40a4d8 | d8 a4 40 2a 06 00 00 00
RSP=0x000000d067afeb48 is pointing into the stack for thread: 0x000001e755f7c210
RBP=0x0000000000000002 is an unknown value
RSI=0x000000d067afebf0 is pointing into the stack for thread: 0x000001e755f7c210
RDI=0x000001e755f7c5d0 points into unknown readable memory: 0x000001e747f5de20 | 20 de f5 47 e7 01 00 00
R8 =0x0000000000010002 is an unknown value
R9 =0x0 is null
R10=0x00007ffc6b010000 VCRUNTIME140.dll
R11=0x000000d067afeb18 is pointing into the stack for thread: 0x000001e755f7c210
R12=0x0000000000000007 is an unknown value
R13=0x000001e77a4ced10 points into unknown readable memory: 0x000000062a40a4d8 | d8 a4 40 2a 06 00 00 00
R14=0x00007ffc53a00400 jdwp.dll
R15=0x0 is null

Top of Stack: (sp=0x000000d067afeb48)
0x000000d067afeb48:   00007ffc539e61f3 000001e77a4ced10
0x000000d067afeb58:   000000d067afebf0 0000000000000000
0x000000d067afeb68:   0000000000000000 000001e745529320
0x000000d067afeb78:   0000000000000020 000001e755f68ce0
0x000000d067afeb88:   00007ffc53a00428 000001e755f7c7e8
0x000000d067afeb98:   00007ffc539e2873 000001e77a4ced10
0x000000d067afeba8:   0000000000000002 000001e755f7c5d0
0x000000d067afebb8:   000001e77a4ced18 000001e74506a7a0
0x000000d067afebc8:   00007ffc460e13b9 000001e745131fe8
0x000000d067afebd8:   000001e74506a7a0 0000000000000000
0x000000d067afebe8:   000001e7001648f8 0000000000000007
0x000000d067afebf8:   000001e77a4ced10 0000000000000000
0x000000d067afec08:   000001e77a4ced18 0000000000000000
0x000000d067afec18:   0000000000000000 0000000000000000
0x000000d067afec28:   0000000000000000 0000000000000000
0x000000d067afec38:   0000000000000000 0000000000000000
0x000000d067afec48:   000001e755f7c7e8 000001e701002c30
0x000000d067afec58:   00007ffc463e90d7 000001e77a4ced18
0x000000d067afec68:   000001e745212830 000001e755f7c210
0x000000d067afec78:   00000000000003d8 0000000000000000
0x000000d067afec88:   000001e7584abdb0 000000d067afee00
0x000000d067afec98:   0000000000000007 000001e755f7c210
0x000000d067afeca8:   00007ffc460df392 000010cd4f5ab7a3
0x000000d067afecb8:   000001e7006665c8 000001e755fcbbb0
0x000000d067afecc8:   000001e755f7c880 000001e755f7c890
0x000000d067afecd8:   000001e755f7cc68 00000000000003d8
0x000000d067afece8:   000001e755f7c210 000001e755f7c210
0x000000d067afecf8:   000001e755fcaf70 000001e755f67140
0x000000d067afed08:   000001e755f67158 000001e755f67228
0x000000d067afed18:   00000000000000d8 000000d067afed30
0x000000d067afed28:   00007ffc464fe0f3 000001e755f7c210
0x000000d067afed38:   000001e755fcaf70 000001e755f67140 

Instructions: (pc=0x00007ffc539e61f3)
0x00007ffc539e60f3:   2c 41 b8 61 02 00 00 48 8d 0d 97 6e 01 00 48 8b
0x00007ffc539e6103:   d3 e8 7f 50 00 00 41 8b cc e8 33 a0 ff ff 48 8b
0x00007ffc539e6113:   d0 48 8d 0d 55 a4 01 00 e8 10 51 00 00 4c 8b 4e
0x00007ffc539e6123:   28 48 8d 0d 5d a4 01 00 4c 8b 46 20 48 8b 56 08
0x00007ffc539e6133:   e8 0c 0e 01 00 48 8b 05 b1 0f 02 00 f6 80 10 02
0x00007ffc539e6143:   00 00 02 74 28 41 b8 6a 02 00 00 48 8d 0d 6f 62
0x00007ffc539e6153:   01 00 48 8b d3 e8 2b 50 00 00 48 8d 15 54 63 01
0x00007ffc539e6163:   00 48 8d 0d 6d 62 01 00 e8 c0 50 00 00 48 8b 07
0x00007ffc539e6173:   48 8b cf ff 50 78 48 8b 0d 70 0f 02 00 4c 8b f8
0x00007ffc539e6183:   f6 81 10 02 00 00 02 74 28 41 b8 6b 02 00 00 48
0x00007ffc539e6193:   8d 0d 2b 62 01 00 48 8b d3 e8 e7 4f 00 00 48 8d
0x00007ffc539e61a3:   15 48 63 01 00 48 8d 0d 29 62 01 00 e8 7c 50 00
0x00007ffc539e61b3:   00 48 8b 07 48 8b cf ff 90 88 00 00 00 83 3d e5
0x00007ffc539e61c3:   0a 02 00 00 76 0c e8 ce 5b ff ff 83 25 d7 0a 02
0x00007ffc539e61d3:   00 00 48 8b 5e 08 48 85 db 74 4b 48 8b 05 0b 0f
0x00007ffc539e61e3:   02 00 80 78 13 00 74 0b 48 8b cb e8 b5 07 01 00
0x00007ffc539e61f3:   88 46 10 4d 8b c7 48 8b d6 41 8a ce e8 c8 a0 00
0x00007ffc539e6203:   00 48 8b e8 48 85 c0 75 25 48 8b cb e8 c0 44 00
0x00007ffc539e6213:   00 84 c0 0f 84 ea 00 00 00 48 8b d3 41 8a ce e8
0x00007ffc539e6223:   ad 13 00 00 eb e3 e8 0e 0e 00 00 48 8b e8 4c 8b
0x00007ffc539e6233:   cd 44 88 74 24 20 45 8b c4 48 8b d6 48 8b cf e8
0x00007ffc539e6243:   e1 00 00 00 83 3e 14 75 0b 48 8b 05 9d 0e 02 00
0x00007ffc539e6253:   c6 40 10 01 48 85 db 75 08 48 8b cd e8 0c 53 ff
0x00007ffc539e6263:   ff 48 8b 05 85 0e 02 00 4d 85 ff 74 43 f6 80 10
0x00007ffc539e6273:   02 00 00 02 74 2c 41 b8 b3 02 00 00 48 8d 15 a2
0x00007ffc539e6283:   a1 01 00 48 8d 0d 37 61 01 00 e8 f6 4e 00 00 48
0x00007ffc539e6293:   8d 15 e7 7c 01 00 48 8d 0d 38 61 01 00 e8 8b 4f
0x00007ffc539e62a3:   00 00 48 8b 07 49 8b d7 48 8b cf ff 50 68 eb 41
0x00007ffc539e62b3:   f6 80 10 02 00 00 02 74 2c 41 b8 b5 02 00 00 48
0x00007ffc539e62c3:   8d 15 5f a1 01 00 48 8d 0d f4 60 01 00 e8 b3 4e
0x00007ffc539e62d3:   00 00 48 8d 15 14 62 01 00 48 8d 0d f5 60 01 00
0x00007ffc539e62e3:   e8 48 4f 00 00 48 8b 07 48 8b cf ff 90 88 00 00 


Stack slot to memory mapping:

stack at sp + 0 slots: 0x000001e77a4ced10 points into unknown readable memory: 0x000000062a40a4d8 | d8 a4 40 2a 06 00 00 00
stack at sp + 1 slots: 0x000000d067afebf0 is pointing into the stack for thread: 0x000001e755f7c210
stack at sp + 2 slots: 0x0 is null
stack at sp + 3 slots: 0x0 is null
stack at sp + 4 slots: 0x000001e745529320 points into unknown readable memory: 0x000001e755f68c70 | 70 8c f6 55 e7 01 00 00
stack at sp + 5 slots: 0x0000000000000020 is an unknown value
stack at sp + 6 slots: 0x000001e755f68ce0 points into unknown readable memory: 0x8000001200000001 | 01 00 00 00 12 00 00 80
stack at sp + 7 slots: 0x00007ffc53a00428 jdwp.dll

Lock stack of current Java thread (top to bottom):
LockStack[0]: [I 
{0x000000062a10e708} - klass: {type array int}
 - length: 0


---------------  P R O C E S S  ---------------

Threads class SMR info:
_java_thread_list=0x000001e745811df0, length=18, elements={
0x000001e755f7c210, 0x000001e7450173a0, 0x000001e745019e10, 0x000001e74501adb0,
0x000001e74501ba70, 0x000001e74501c880, 0x000001e745047c20, 0x000001e74505a9e0,
0x000001e745064230, 0x000001e74517f2b0, 0x000001e7450671e0, 0x000001e745064900,
0x000001e745064fd0, 0x000001e745325130, 0x000001e745326000, 0x000001e7452e8630,
0x000001e7453f1b90, 0x000001e745065d70
}

Java Threads: ( => current thread )
=>0x000001e755f7c210 JavaThread "main"                              [_thread_in_native, id=28292, stack(0x000000d067a00000,0x000000d067b00000) (1024K)]
  0x000001e7450173a0 JavaThread "Reference Handler"          daemon [_thread_blocked, id=18316, stack(0x000000d068200000,0x000000d068300000) (1024K)]
  0x000001e745019e10 JavaThread "Finalizer"                  daemon [_thread_blocked, id=18192, stack(0x000000d068300000,0x000000d068400000) (1024K)]
  0x000001e74501adb0 JavaThread "Signal Dispatcher"          daemon [_thread_blocked, id=14372, stack(0x000000d068400000,0x000000d068500000) (1024K)]
  0x000001e74501ba70 JavaThread "Attach Listener"            daemon [_thread_blocked, id=26672, stack(0x000000d068500000,0x000000d068600000) (1024K)]
  0x000001e74501c880 JavaThread "Service Thread"             daemon [_thread_blocked, id=26980, stack(0x000000d068600000,0x000000d068700000) (1024K)]
  0x000001e745047c20 JavaThread "Monitor Deflation Thread"   daemon [_thread_blocked, id=25396, stack(0x000000d068700000,0x000000d068800000) (1024K)]
  0x000001e74505a9e0 JavaThread "C2 CompilerThread0"         daemon [_thread_blocked, id=17656, stack(0x000000d068800000,0x000000d068900000) (1024K)]
  0x000001e745064230 JavaThread "C1 CompilerThread0"         daemon [_thread_blocked, id=27896, stack(0x000000d068900000,0x000000d068a00000) (1024K)]
  0x000001e74517f2b0 JavaThread "Common-Cleaner"             daemon [_thread_blocked, id=7512, stack(0x000000d068a00000,0x000000d068b00000) (1024K)]
  0x000001e7450671e0 JavaThread "C1 CompilerThread1"         daemon [_thread_blocked, id=17404, stack(0x000000d068b00000,0x000000d068c00000) (1024K)]
  0x000001e745064900 JavaThread "C1 CompilerThread2"         daemon [_thread_blocked, id=3956, stack(0x000000d068c00000,0x000000d068d00000) (1024K)]
  0x000001e745064fd0 JavaThread "C1 CompilerThread3"         daemon [_thread_blocked, id=4856, stack(0x000000d068d00000,0x000000d068e00000) (1024K)]
  0x000001e745325130 JavaThread "JDWP Transport Listener: dt_socket" daemon [_thread_blocked, id=5156, stack(0x000000d068f00000,0x000000d069000000) (1024K)]
  0x000001e745326000 JavaThread "JDWP Event Helper Thread"   daemon [_thread_blocked, id=2648, stack(0x000000d069000000,0x000000d069100000) (1024K)]
  0x000001e7452e8630 JavaThread "JDWP Command Reader"        daemon [_thread_in_native, id=2876, stack(0x000000d069100000,0x000000d069200000) (1024K)]
  0x000001e7453f1b90 JavaThread "Notification Thread"        daemon [_thread_blocked, id=27616, stack(0x000000d069200000,0x000000d069300000) (1024K)]
  0x000001e745065d70 JavaThread "C2 CompilerThread1"         daemon [_thread_blocked, id=26644, stack(0x000000d069a00000,0x000000d069b00000) (1024K)]
Total: 18

Other Threads:
  0x000001e77a4ce830 VMThread "VM Thread"                           [id=2980, stack(0x000000d068100000,0x000000d068200000) (1024K)]
  0x000001e77a4bd050 WatcherThread "VM Periodic Task Thread"        [id=21408, stack(0x000000d068000000,0x000000d068100000) (1024K)]
  0x000001e77a30ea90 WorkerThread "GC Thread#0"                     [id=6784, stack(0x000000d067b00000,0x000000d067c00000) (1024K)]
  0x000001e77a30f9b0 ConcurrentGCThread "G1 Main Marker"            [id=24456, stack(0x000000d067c00000,0x000000d067d00000) (1024K)]
  0x000001e758530c20 WorkerThread "G1 Conc#0"                       [id=6880, stack(0x000000d067d00000,0x000000d067e00000) (1024K)]
  0x000001e77a38c820 ConcurrentGCThread "G1 Refine#0"               [id=16604, stack(0x000000d067e00000,0x000000d067f00000) (1024K)]
  0x000001e77a391070 ConcurrentGCThread "G1 Service"                [id=23832, stack(0x000000d067f00000,0x000000d068000000) (1024K)]
Total: 7

Threads with active compile tasks:
Total: 0

VM state: not at safepoint (normal execution)

VM Mutex/Monitor currently owned by a thread: None

Heap address: 0x000000060b000000, size: 8016 MB, Compressed Oops mode: Zero based, Oop shift amount: 3

CDS archive(s) mapped at: [0x000001e700000000-0x000001e700d70000-0x000001e700d70000), size 14090240, SharedBaseAddress: 0x000001e700000000, ArchiveRelocationMode: 1.
Compressed class space mapped at: 0x000001e701000000-0x000001e741000000, reserved size: 1073741824
Narrow klass base: 0x000001e700000000, Narrow klass shift: 0, Narrow klass range: 0x41000000

GC Precious Log:
 CardTable entry size: 512
 Card Set container configuration: InlinePtr #cards 4 size 8 Array Of Cards #cards 32 size 80 Howl #buckets 8 coarsen threshold 7372 Howl Bitmap #cards 1024 size 144 coarsen threshold 921 Card regions per heap region 1 cards per card region 8192
 CPUs: 16 total, 16 available
 Memory: 32058M
 Large Page Support: Disabled
 NUMA Support: Disabled
 Compressed Oops: Enabled (Zero based)
 Heap Region Size: 4M
 Heap Min Capacity: 8M
 Heap Initial Capacity: 504M
 Heap Max Capacity: 8016M
 Pre-touch: Disabled
 Parallel Workers: 13
 Concurrent Workers: 3
 Concurrent Refinement Workers: 13
 Periodic GC: Disabled

Heap:
 garbage-first heap   total reserved 8208384K, committed 516096K, used 20480K [0x000000060b000000, 0x0000000800000000)
  region size 4096K, 6 young (24576K), 0 survivors (0K)
 Metaspace       used 8450K, committed 8640K, reserved 1114112K
  class space    used 542K, committed 640K, reserved 1048576K

Heap Regions: E=young(eden), S=young(survivor), O=old, HS=humongous(starts), HC=humongous(continues), CS=collection set, F=free, TAMS=top-at-mark-start, PB=parsable bottom
|   0|0x000000060b000000, 0x000000060b000000, 0x000000060b400000|  0%| F|  |TAMS 0x000000060b000000| PB 0x000000060b000000| Untracked |  0
|   1|0x000000060b400000, 0x000000060b400000, 0x000000060b800000|  0%| F|  |TAMS 0x000000060b400000| PB 0x000000060b400000| Untracked |  0
|   2|0x000000060b800000, 0x000000060b800000, 0x000000060bc00000|  0%| F|  |TAMS 0x000000060b800000| PB 0x000000060b800000| Untracked |  0
|   3|0x000000060bc00000, 0x000000060bc00000, 0x000000060c000000|  0%| F|  |TAMS 0x000000060bc00000| PB 0x000000060bc00000| Untracked |  0
|   4|0x000000060c000000, 0x000000060c000000, 0x000000060c400000|  0%| F|  |TAMS 0x000000060c000000| PB 0x000000060c000000| Untracked |  0
|   5|0x000000060c400000, 0x000000060c400000, 0x000000060c800000|  0%| F|  |TAMS 0x000000060c400000| PB 0x000000060c400000| Untracked |  0
|   6|0x000000060c800000, 0x000000060c800000, 0x000000060cc00000|  0%| F|  |TAMS 0x000000060c800000| PB 0x000000060c800000| Untracked |  0
|   7|0x000000060cc00000, 0x000000060cc00000, 0x000000060d000000|  0%| F|  |TAMS 0x000000060cc00000| PB 0x000000060cc00000| Untracked |  0
|   8|0x000000060d000000, 0x000000060d000000, 0x000000060d400000|  0%| F|  |TAMS 0x000000060d000000| PB 0x000000060d000000| Untracked |  0
|   9|0x000000060d400000, 0x000000060d400000, 0x000000060d800000|  0%| F|  |TAMS 0x000000060d400000| PB 0x000000060d400000| Untracked |  0
|  10|0x000000060d800000, 0x000000060d800000, 0x000000060dc00000|  0%| F|  |TAMS 0x000000060d800000| PB 0x000000060d800000| Untracked |  0
|  11|0x000000060dc00000, 0x000000060dc00000, 0x000000060e000000|  0%| F|  |TAMS 0x000000060dc00000| PB 0x000000060dc00000| Untracked |  0
|  12|0x000000060e000000, 0x000000060e000000, 0x000000060e400000|  0%| F|  |TAMS 0x000000060e000000| PB 0x000000060e000000| Untracked |  0
|  13|0x000000060e400000, 0x000000060e400000, 0x000000060e800000|  0%| F|  |TAMS 0x000000060e400000| PB 0x000000060e400000| Untracked |  0
|  14|0x000000060e800000, 0x000000060e800000, 0x000000060ec00000|  0%| F|  |TAMS 0x000000060e800000| PB 0x000000060e800000| Untracked |  0
|  15|0x000000060ec00000, 0x000000060ec00000, 0x000000060f000000|  0%| F|  |TAMS 0x000000060ec00000| PB 0x000000060ec00000| Untracked |  0
|  16|0x000000060f000000, 0x000000060f000000, 0x000000060f400000|  0%| F|  |TAMS 0x000000060f000000| PB 0x000000060f000000| Untracked |  0
|  17|0x000000060f400000, 0x000000060f400000, 0x000000060f800000|  0%| F|  |TAMS 0x000000060f400000| PB 0x000000060f400000| Untracked |  0
|  18|0x000000060f800000, 0x000000060f800000, 0x000000060fc00000|  0%| F|  |TAMS 0x000000060f800000| PB 0x000000060f800000| Untracked |  0
|  19|0x000000060fc00000, 0x000000060fc00000, 0x0000000610000000|  0%| F|  |TAMS 0x000000060fc00000| PB 0x000000060fc00000| Untracked |  0
|  20|0x0000000610000000, 0x0000000610000000, 0x0000000610400000|  0%| F|  |TAMS 0x0000000610000000| PB 0x0000000610000000| Untracked |  0
|  21|0x0000000610400000, 0x0000000610400000, 0x0000000610800000|  0%| F|  |TAMS 0x0000000610400000| PB 0x0000000610400000| Untracked |  0
|  22|0x0000000610800000, 0x0000000610800000, 0x0000000610c00000|  0%| F|  |TAMS 0x0000000610800000| PB 0x0000000610800000| Untracked |  0
|  23|0x0000000610c00000, 0x0000000610c00000, 0x0000000611000000|  0%| F|  |TAMS 0x0000000610c00000| PB 0x0000000610c00000| Untracked |  0
|  24|0x0000000611000000, 0x0000000611000000, 0x0000000611400000|  0%| F|  |TAMS 0x0000000611000000| PB 0x0000000611000000| Untracked |  0
|  25|0x0000000611400000, 0x0000000611400000, 0x0000000611800000|  0%| F|  |TAMS 0x0000000611400000| PB 0x0000000611400000| Untracked |  0
|  26|0x0000000611800000, 0x0000000611800000, 0x0000000611c00000|  0%| F|  |TAMS 0x0000000611800000| PB 0x0000000611800000| Untracked |  0
|  27|0x0000000611c00000, 0x0000000611c00000, 0x0000000612000000|  0%| F|  |TAMS 0x0000000611c00000| PB 0x0000000611c00000| Untracked |  0
|  28|0x0000000612000000, 0x0000000612000000, 0x0000000612400000|  0%| F|  |TAMS 0x0000000612000000| PB 0x0000000612000000| Untracked |  0
|  29|0x0000000612400000, 0x0000000612400000, 0x0000000612800000|  0%| F|  |TAMS 0x0000000612400000| PB 0x0000000612400000| Untracked |  0
|  30|0x0000000612800000, 0x0000000612800000, 0x0000000612c00000|  0%| F|  |TAMS 0x0000000612800000| PB 0x0000000612800000| Untracked |  0
|  31|0x0000000612c00000, 0x0000000612c00000, 0x0000000613000000|  0%| F|  |TAMS 0x0000000612c00000| PB 0x0000000612c00000| Untracked |  0
|  32|0x0000000613000000, 0x0000000613000000, 0x0000000613400000|  0%| F|  |TAMS 0x0000000613000000| PB 0x0000000613000000| Untracked |  0
|  33|0x0000000613400000, 0x0000000613400000, 0x0000000613800000|  0%| F|  |TAMS 0x0000000613400000| PB 0x0000000613400000| Untracked |  0
|  34|0x0000000613800000, 0x0000000613800000, 0x0000000613c00000|  0%| F|  |TAMS 0x0000000613800000| PB 0x0000000613800000| Untracked |  0
|  35|0x0000000613c00000, 0x0000000613c00000, 0x0000000614000000|  0%| F|  |TAMS 0x0000000613c00000| PB 0x0000000613c00000| Untracked |  0
|  36|0x0000000614000000, 0x0000000614000000, 0x0000000614400000|  0%| F|  |TAMS 0x0000000614000000| PB 0x0000000614000000| Untracked |  0
|  37|0x0000000614400000, 0x0000000614400000, 0x0000000614800000|  0%| F|  |TAMS 0x0000000614400000| PB 0x0000000614400000| Untracked |  0
|  38|0x0000000614800000, 0x0000000614800000, 0x0000000614c00000|  0%| F|  |TAMS 0x0000000614800000| PB 0x0000000614800000| Untracked |  0
|  39|0x0000000614c00000, 0x0000000614c00000, 0x0000000615000000|  0%| F|  |TAMS 0x0000000614c00000| PB 0x0000000614c00000| Untracked |  0
|  40|0x0000000615000000, 0x0000000615000000, 0x0000000615400000|  0%| F|  |TAMS 0x0000000615000000| PB 0x0000000615000000| Untracked |  0
|  41|0x0000000615400000, 0x0000000615400000, 0x0000000615800000|  0%| F|  |TAMS 0x0000000615400000| PB 0x0000000615400000| Untracked |  0
|  42|0x0000000615800000, 0x0000000615800000, 0x0000000615c00000|  0%| F|  |TAMS 0x0000000615800000| PB 0x0000000615800000| Untracked |  0
|  43|0x0000000615c00000, 0x0000000615c00000, 0x0000000616000000|  0%| F|  |TAMS 0x0000000615c00000| PB 0x0000000615c00000| Untracked |  0
|  44|0x0000000616000000, 0x0000000616000000, 0x0000000616400000|  0%| F|  |TAMS 0x0000000616000000| PB 0x0000000616000000| Untracked |  0
|  45|0x0000000616400000, 0x0000000616400000, 0x0000000616800000|  0%| F|  |TAMS 0x0000000616400000| PB 0x0000000616400000| Untracked |  0
|  46|0x0000000616800000, 0x0000000616800000, 0x0000000616c00000|  0%| F|  |TAMS 0x0000000616800000| PB 0x0000000616800000| Untracked |  0
|  47|0x0000000616c00000, 0x0000000616c00000, 0x0000000617000000|  0%| F|  |TAMS 0x0000000616c00000| PB 0x0000000616c00000| Untracked |  0
|  48|0x0000000617000000, 0x0000000617000000, 0x0000000617400000|  0%| F|  |TAMS 0x0000000617000000| PB 0x0000000617000000| Untracked |  0
|  49|0x0000000617400000, 0x0000000617400000, 0x0000000617800000|  0%| F|  |TAMS 0x0000000617400000| PB 0x0000000617400000| Untracked |  0
|  50|0x0000000617800000, 0x0000000617800000, 0x0000000617c00000|  0%| F|  |TAMS 0x0000000617800000| PB 0x0000000617800000| Untracked |  0
|  51|0x0000000617c00000, 0x0000000617c00000, 0x0000000618000000|  0%| F|  |TAMS 0x0000000617c00000| PB 0x0000000617c00000| Untracked |  0
|  52|0x0000000618000000, 0x0000000618000000, 0x0000000618400000|  0%| F|  |TAMS 0x0000000618000000| PB 0x0000000618000000| Untracked |  0
|  53|0x0000000618400000, 0x0000000618400000, 0x0000000618800000|  0%| F|  |TAMS 0x0000000618400000| PB 0x0000000618400000| Untracked |  0
|  54|0x0000000618800000, 0x0000000618800000, 0x0000000618c00000|  0%| F|  |TAMS 0x0000000618800000| PB 0x0000000618800000| Untracked |  0
|  55|0x0000000618c00000, 0x0000000618c00000, 0x0000000619000000|  0%| F|  |TAMS 0x0000000618c00000| PB 0x0000000618c00000| Untracked |  0
|  56|0x0000000619000000, 0x0000000619000000, 0x0000000619400000|  0%| F|  |TAMS 0x0000000619000000| PB 0x0000000619000000| Untracked |  0
|  57|0x0000000619400000, 0x0000000619400000, 0x0000000619800000|  0%| F|  |TAMS 0x0000000619400000| PB 0x0000000619400000| Untracked |  0
|  58|0x0000000619800000, 0x0000000619800000, 0x0000000619c00000|  0%| F|  |TAMS 0x0000000619800000| PB 0x0000000619800000| Untracked |  0
|  59|0x0000000619c00000, 0x0000000619c00000, 0x000000061a000000|  0%| F|  |TAMS 0x0000000619c00000| PB 0x0000000619c00000| Untracked |  0
|  60|0x000000061a000000, 0x000000061a000000, 0x000000061a400000|  0%| F|  |TAMS 0x000000061a000000| PB 0x000000061a000000| Untracked |  0
|  61|0x000000061a400000, 0x000000061a400000, 0x000000061a800000|  0%| F|  |TAMS 0x000000061a400000| PB 0x000000061a400000| Untracked |  0
|  62|0x000000061a800000, 0x000000061a800000, 0x000000061ac00000|  0%| F|  |TAMS 0x000000061a800000| PB 0x000000061a800000| Untracked |  0
|  63|0x000000061ac00000, 0x000000061ac00000, 0x000000061b000000|  0%| F|  |TAMS 0x000000061ac00000| PB 0x000000061ac00000| Untracked |  0
|  64|0x000000061b000000, 0x000000061b000000, 0x000000061b400000|  0%| F|  |TAMS 0x000000061b000000| PB 0x000000061b000000| Untracked |  0
|  65|0x000000061b400000, 0x000000061b400000, 0x000000061b800000|  0%| F|  |TAMS 0x000000061b400000| PB 0x000000061b400000| Untracked |  0
|  66|0x000000061b800000, 0x000000061b800000, 0x000000061bc00000|  0%| F|  |TAMS 0x000000061b800000| PB 0x000000061b800000| Untracked |  0
|  67|0x000000061bc00000, 0x000000061bc00000, 0x000000061c000000|  0%| F|  |TAMS 0x000000061bc00000| PB 0x000000061bc00000| Untracked |  0
|  68|0x000000061c000000, 0x000000061c000000, 0x000000061c400000|  0%| F|  |TAMS 0x000000061c000000| PB 0x000000061c000000| Untracked |  0
|  69|0x000000061c400000, 0x000000061c400000, 0x000000061c800000|  0%| F|  |TAMS 0x000000061c400000| PB 0x000000061c400000| Untracked |  0
|  70|0x000000061c800000, 0x000000061c800000, 0x000000061cc00000|  0%| F|  |TAMS 0x000000061c800000| PB 0x000000061c800000| Untracked |  0
|  71|0x000000061cc00000, 0x000000061cc00000, 0x000000061d000000|  0%| F|  |TAMS 0x000000061cc00000| PB 0x000000061cc00000| Untracked |  0
|  72|0x000000061d000000, 0x000000061d000000, 0x000000061d400000|  0%| F|  |TAMS 0x000000061d000000| PB 0x000000061d000000| Untracked |  0
|  73|0x000000061d400000, 0x000000061d400000, 0x000000061d800000|  0%| F|  |TAMS 0x000000061d400000| PB 0x000000061d400000| Untracked |  0
|  74|0x000000061d800000, 0x000000061d800000, 0x000000061dc00000|  0%| F|  |TAMS 0x000000061d800000| PB 0x000000061d800000| Untracked |  0
|  75|0x000000061dc00000, 0x000000061dc00000, 0x000000061e000000|  0%| F|  |TAMS 0x000000061dc00000| PB 0x000000061dc00000| Untracked |  0
|  76|0x000000061e000000, 0x000000061e000000, 0x000000061e400000|  0%| F|  |TAMS 0x000000061e000000| PB 0x000000061e000000| Untracked |  0
|  77|0x000000061e400000, 0x000000061e400000, 0x000000061e800000|  0%| F|  |TAMS 0x000000061e400000| PB 0x000000061e400000| Untracked |  0
|  78|0x000000061e800000, 0x000000061e800000, 0x000000061ec00000|  0%| F|  |TAMS 0x000000061e800000| PB 0x000000061e800000| Untracked |  0
|  79|0x000000061ec00000, 0x000000061ec00000, 0x000000061f000000|  0%| F|  |TAMS 0x000000061ec00000| PB 0x000000061ec00000| Untracked |  0
|  80|0x000000061f000000, 0x000000061f000000, 0x000000061f400000|  0%| F|  |TAMS 0x000000061f000000| PB 0x000000061f000000| Untracked |  0
|  81|0x000000061f400000, 0x000000061f400000, 0x000000061f800000|  0%| F|  |TAMS 0x000000061f400000| PB 0x000000061f400000| Untracked |  0
|  82|0x000000061f800000, 0x000000061f800000, 0x000000061fc00000|  0%| F|  |TAMS 0x000000061f800000| PB 0x000000061f800000| Untracked |  0
|  83|0x000000061fc00000, 0x000000061fc00000, 0x0000000620000000|  0%| F|  |TAMS 0x000000061fc00000| PB 0x000000061fc00000| Untracked |  0
|  84|0x0000000620000000, 0x0000000620000000, 0x0000000620400000|  0%| F|  |TAMS 0x0000000620000000| PB 0x0000000620000000| Untracked |  0
|  85|0x0000000620400000, 0x0000000620400000, 0x0000000620800000|  0%| F|  |TAMS 0x0000000620400000| PB 0x0000000620400000| Untracked |  0
|  86|0x0000000620800000, 0x0000000620800000, 0x0000000620c00000|  0%| F|  |TAMS 0x0000000620800000| PB 0x0000000620800000| Untracked |  0
|  87|0x0000000620c00000, 0x0000000620c00000, 0x0000000621000000|  0%| F|  |TAMS 0x0000000620c00000| PB 0x0000000620c00000| Untracked |  0
|  88|0x0000000621000000, 0x0000000621000000, 0x0000000621400000|  0%| F|  |TAMS 0x0000000621000000| PB 0x0000000621000000| Untracked |  0
|  89|0x0000000621400000, 0x0000000621400000, 0x0000000621800000|  0%| F|  |TAMS 0x0000000621400000| PB 0x0000000621400000| Untracked |  0
|  90|0x0000000621800000, 0x0000000621800000, 0x0000000621c00000|  0%| F|  |TAMS 0x0000000621800000| PB 0x0000000621800000| Untracked |  0
|  91|0x0000000621c00000, 0x0000000621c00000, 0x0000000622000000|  0%| F|  |TAMS 0x0000000621c00000| PB 0x0000000621c00000| Untracked |  0
|  92|0x0000000622000000, 0x0000000622000000, 0x0000000622400000|  0%| F|  |TAMS 0x0000000622000000| PB 0x0000000622000000| Untracked |  0
|  93|0x0000000622400000, 0x0000000622400000, 0x0000000622800000|  0%| F|  |TAMS 0x0000000622400000| PB 0x0000000622400000| Untracked |  0
|  94|0x0000000622800000, 0x0000000622800000, 0x0000000622c00000|  0%| F|  |TAMS 0x0000000622800000| PB 0x0000000622800000| Untracked |  0
|  95|0x0000000622c00000, 0x0000000622c00000, 0x0000000623000000|  0%| F|  |TAMS 0x0000000622c00000| PB 0x0000000622c00000| Untracked |  0
|  96|0x0000000623000000, 0x0000000623000000, 0x0000000623400000|  0%| F|  |TAMS 0x0000000623000000| PB 0x0000000623000000| Untracked |  0
|  97|0x0000000623400000, 0x0000000623400000, 0x0000000623800000|  0%| F|  |TAMS 0x0000000623400000| PB 0x0000000623400000| Untracked |  0
|  98|0x0000000623800000, 0x0000000623800000, 0x0000000623c00000|  0%| F|  |TAMS 0x0000000623800000| PB 0x0000000623800000| Untracked |  0
|  99|0x0000000623c00000, 0x0000000623c00000, 0x0000000624000000|  0%| F|  |TAMS 0x0000000623c00000| PB 0x0000000623c00000| Untracked |  0
| 100|0x0000000624000000, 0x0000000624000000, 0x0000000624400000|  0%| F|  |TAMS 0x0000000624000000| PB 0x0000000624000000| Untracked |  0
| 101|0x0000000624400000, 0x0000000624400000, 0x0000000624800000|  0%| F|  |TAMS 0x0000000624400000| PB 0x0000000624400000| Untracked |  0
| 102|0x0000000624800000, 0x0000000624800000, 0x0000000624c00000|  0%| F|  |TAMS 0x0000000624800000| PB 0x0000000624800000| Untracked |  0
| 103|0x0000000624c00000, 0x0000000624c00000, 0x0000000625000000|  0%| F|  |TAMS 0x0000000624c00000| PB 0x0000000624c00000| Untracked |  0
| 104|0x0000000625000000, 0x0000000625000000, 0x0000000625400000|  0%| F|  |TAMS 0x0000000625000000| PB 0x0000000625000000| Untracked |  0
| 105|0x0000000625400000, 0x0000000625400000, 0x0000000625800000|  0%| F|  |TAMS 0x0000000625400000| PB 0x0000000625400000| Untracked |  0
| 106|0x0000000625800000, 0x0000000625800000, 0x0000000625c00000|  0%| F|  |TAMS 0x0000000625800000| PB 0x0000000625800000| Untracked |  0
| 107|0x0000000625c00000, 0x0000000625c00000, 0x0000000626000000|  0%| F|  |TAMS 0x0000000625c00000| PB 0x0000000625c00000| Untracked |  0
| 108|0x0000000626000000, 0x0000000626000000, 0x0000000626400000|  0%| F|  |TAMS 0x0000000626000000| PB 0x0000000626000000| Untracked |  0
| 109|0x0000000626400000, 0x0000000626400000, 0x0000000626800000|  0%| F|  |TAMS 0x0000000626400000| PB 0x0000000626400000| Untracked |  0
| 110|0x0000000626800000, 0x0000000626800000, 0x0000000626c00000|  0%| F|  |TAMS 0x0000000626800000| PB 0x0000000626800000| Untracked |  0
| 111|0x0000000626c00000, 0x0000000626c00000, 0x0000000627000000|  0%| F|  |TAMS 0x0000000626c00000| PB 0x0000000626c00000| Untracked |  0
| 112|0x0000000627000000, 0x0000000627000000, 0x0000000627400000|  0%| F|  |TAMS 0x0000000627000000| PB 0x0000000627000000| Untracked |  0
| 113|0x0000000627400000, 0x0000000627400000, 0x0000000627800000|  0%| F|  |TAMS 0x0000000627400000| PB 0x0000000627400000| Untracked |  0
| 114|0x0000000627800000, 0x0000000627800000, 0x0000000627c00000|  0%| F|  |TAMS 0x0000000627800000| PB 0x0000000627800000| Untracked |  0
| 115|0x0000000627c00000, 0x0000000627c00000, 0x0000000628000000|  0%| F|  |TAMS 0x0000000627c00000| PB 0x0000000627c00000| Untracked |  0
| 116|0x0000000628000000, 0x0000000628000000, 0x0000000628400000|  0%| F|  |TAMS 0x0000000628000000| PB 0x0000000628000000| Untracked |  0
| 117|0x0000000628400000, 0x0000000628400000, 0x0000000628800000|  0%| F|  |TAMS 0x0000000628400000| PB 0x0000000628400000| Untracked |  0
| 118|0x0000000628800000, 0x0000000628800000, 0x0000000628c00000|  0%| F|  |TAMS 0x0000000628800000| PB 0x0000000628800000| Untracked |  0
| 119|0x0000000628c00000, 0x0000000628c00000, 0x0000000629000000|  0%| F|  |TAMS 0x0000000628c00000| PB 0x0000000628c00000| Untracked |  0
| 120|0x0000000629000000, 0x00000006292e1548, 0x0000000629400000| 72%| E|  |TAMS 0x0000000629000000| PB 0x0000000629000000| Complete |  0
| 121|0x0000000629400000, 0x0000000629800000, 0x0000000629800000|100%| E|CS|TAMS 0x0000000629400000| PB 0x0000000629400000| Complete |  0
| 122|0x0000000629800000, 0x0000000629c00000, 0x0000000629c00000|100%| E|CS|TAMS 0x0000000629800000| PB 0x0000000629800000| Complete |  0
| 123|0x0000000629c00000, 0x000000062a000000, 0x000000062a000000|100%| E|CS|TAMS 0x0000000629c00000| PB 0x0000000629c00000| Complete |  0
| 124|0x000000062a000000, 0x000000062a400000, 0x000000062a400000|100%| E|CS|TAMS 0x000000062a000000| PB 0x000000062a000000| Complete |  0
| 125|0x000000062a400000, 0x000000062a800000, 0x000000062a800000|100%| E|CS|TAMS 0x000000062a400000| PB 0x000000062a400000| Complete |  0

Card table byte_map: [0x000001e771520000,0x000001e7724d0000] _byte_map_base: 0x000001e76e4c8000

Marking Bits: (CMBitMap*) 0x000001e77a30f0b0
 Bits: [0x000001e7724d0000, 0x000001e77a210000)

Polling page: 0x000001e756270000

Metaspace:

Usage:
  Non-class:      7.72 MB used.
      Class:    542.47 KB used.
       Both:      8.25 MB used.

Virtual space:
  Non-class space:       64.00 MB reserved,       7.81 MB ( 12%) committed,  1 nodes.
      Class space:        1.00 GB reserved,     640.00 KB ( <1%) committed,  1 nodes.
             Both:        1.06 GB reserved,       8.44 MB ( <1%) committed. 

Chunk freelists:
   Non-Class:  8.04 MB
       Class:  15.40 MB
        Both:  23.44 MB

MaxMetaspaceSize: unlimited
CompressedClassSpaceSize: 1.00 GB
Initial GC threshold: 21.00 MB
Current GC threshold: 21.00 MB
CDS: on
 - commit_granule_bytes: 65536.
 - commit_granule_words: 8192.
 - virtual_space_node_default_size: 8388608.
 - enlarge_chunks_in_place: 1.
 - use_allocation_guard: 0.


Internal statistics:

num_allocs_failed_limit: 0.
num_arena_births: 94.
num_arena_deaths: 0.
num_vsnodes_births: 2.
num_vsnodes_deaths: 0.
num_space_committed: 134.
num_space_uncommitted: 0.
num_chunks_returned_to_freelist: 0.
num_chunks_taken_from_freelist: 245.
num_chunk_merges: 0.
num_chunk_splits: 187.
num_chunks_enlarged: 144.
num_inconsistent_stats: 0.

CodeHeap 'non-profiled nmethods': size=119232Kb used=283Kb max_used=283Kb free=118948Kb
 bounds [0x000001e768770000, 0x000001e7689e0000, 0x000001e76fbe0000]
CodeHeap 'profiled nmethods': size=119104Kb used=1554Kb max_used=1554Kb free=117549Kb
 bounds [0x000001e760be0000, 0x000001e760e50000, 0x000001e768030000]
CodeHeap 'non-nmethods': size=7424Kb used=4010Kb max_used=4033Kb free=3413Kb
 bounds [0x000001e768030000, 0x000001e768430000, 0x000001e768770000]
CodeCache: size=245760Kb, used=5847Kb, max_used=5870Kb, free=239910Kb
 total_blobs=2173, nmethods=1142, adapters=934, full_count=0
Compilation: enabled, stopped_count=0, restarted_count=0

Compilation events (20 events):
Event: 0.948 Thread 0x000001e74505a9e0 nmethod 1133 0x000001e7687b1588 code [0x000001e7687b16c0, 0x000001e7687b1990]
Event: 0.948 Thread 0x000001e74505a9e0 1135       4       java.lang.invoke.LambdaForm::prepare (108 bytes)
Event: 0.949 Thread 0x000001e74505a9e0 nmethod 1135 0x000001e7687b1a08 code [0x000001e7687b1b20, 0x000001e7687b1c20]
Event: 0.949 Thread 0x000001e74505a9e0 1136       4       java.lang.ref.SoftReference::get (29 bytes)
Event: 0.949 Thread 0x000001e74505a9e0 nmethod 1136 0x000001e7687b1d08 code [0x000001e7687b1e00, 0x000001e7687b1f30]
Event: 0.950 Thread 0x000001e745065d70 nmethod 1134 0x000001e7687b2008 code [0x000001e7687b2140, 0x000001e7687b2508]
Event: 0.950 Thread 0x000001e74505a9e0 1137       4       java.util.ImmutableCollections$List12::get (35 bytes)
Event: 0.950 Thread 0x000001e745065d70 1138       4       java.lang.invoke.MethodType::makeImpl (109 bytes)
Event: 0.951 Thread 0x000001e74505a9e0 nmethod 1137 0x000001e7687b2588 code [0x000001e7687b26a0, 0x000001e7687b27c0]
Event: 0.951 Thread 0x000001e74505a9e0 1139       4       java.lang.invoke.BoundMethodHandle::<init> (32 bytes)
Event: 0.953 Thread 0x000001e74505a9e0 nmethod 1139 0x000001e7687b2888 code [0x000001e7687b29c0, 0x000001e7687b2e00]
Event: 0.953 Thread 0x000001e74505a9e0 1140       4       java.lang.invoke.MethodType::equals (27 bytes)
Event: 0.954 Thread 0x000001e74505a9e0 nmethod 1140 0x000001e7687b2e88 code [0x000001e7687b2fa0, 0x000001e7687b3278]
Event: 0.959 Thread 0x000001e74505a9e0 1141       4       java.util.HashMap::get (19 bytes)
Event: 0.961 Thread 0x000001e74505a9e0 nmethod 1141 0x000001e7687b3308 code [0x000001e7687b3440, 0x000001e7687b3880]
Event: 0.961 Thread 0x000001e74505a9e0 1143       4       jdk.internal.util.StrongReferenceKey::equals (28 bytes)
Event: 0.962 Thread 0x000001e74505a9e0 nmethod 1143 0x000001e7687b3908 code [0x000001e7687b3a40, 0x000001e7687b3d48]
Event: 0.962 Thread 0x000001e74505a9e0 1142   !   4       java.lang.invoke.MemberName::getFieldType (178 bytes)
Event: 0.963 Thread 0x000001e74505a9e0 nmethod 1142 0x000001e7687b3d88 code [0x000001e7687b3ea0, 0x000001e7687b3f90]
Event: 0.975 Thread 0x000001e745065d70 nmethod 1138 0x000001e7687b4088 code [0x000001e7687b4420, 0x000001e7687b6ce0]

GC Heap History (0 events):
No events

Dll operation events (10 events):
Event: 0.009 Loaded shared library C:\Program Files\Java\jdk-23\bin\java.dll
Event: 0.010 Loaded shared library C:\Program Files\Java\jdk-23\bin\zip.dll
Event: 0.028 Loaded shared library C:\Program Files\Java\jdk-23\bin\jsvml.dll
Event: 0.139 Loaded shared library C:\Program Files\Java\jdk-23\bin\instrument.dll
Event: 0.182 Loaded shared library C:\Program Files\Java\jdk-23\bin\net.dll
Event: 0.183 Loaded shared library C:\Program Files\Java\jdk-23\bin\nio.dll
Event: 0.189 Loaded shared library C:\Program Files\Java\jdk-23\bin\zip.dll
Event: 0.205 Loaded shared library C:\Program Files\Java\jdk-23\bin\jimage.dll
Event: 0.248 Loaded shared library C:\Users\sameed\AppData\Local\Temp\lwjglsameed\3.2.3-build-13\lwjgl.dll
Event: 0.599 Loaded shared library C:\Users\sameed\AppData\Local\Temp\lwjglsameed\3.2.3-build-13\lwjgl_opengl.dll

Deoptimization events (18 events):
Event: 0.167 Thread 0x000001e755f7c210 Uncommon trap: trap_request=0xffffff45 fr.pc=0x000001e7687813ec relative=0x00000000000000cc
Event: 0.167 Thread 0x000001e755f7c210 Uncommon trap: reason=unstable_if action=reinterpret pc=0x000001e7687813ec method=java.lang.String.isLatin1()Z @ 10 c2
Event: 0.167 Thread 0x000001e755f7c210 DEOPT PACKING pc=0x000001e7687813ec sp=0x000000d067afef10
Event: 0.167 Thread 0x000001e755f7c210 DEOPT UNPACKING pc=0x000001e768087982 sp=0x000000d067afee60 mode 2
Event: 0.168 Thread 0x000001e755f7c210 Uncommon trap: trap_request=0xffffff45 fr.pc=0x000001e768784d34 relative=0x00000000000004f4
Event: 0.168 Thread 0x000001e755f7c210 Uncommon trap: reason=unstable_if action=reinterpret pc=0x000001e768784d34 method=java.lang.StringLatin1.replace([BCC)Ljava/lang/String; @ 19 c2
Event: 0.168 Thread 0x000001e755f7c210 DEOPT PACKING pc=0x000001e768784d34 sp=0x000000d067aff210
Event: 0.168 Thread 0x000001e755f7c210 DEOPT UNPACKING pc=0x000001e768087982 sp=0x000000d067aff190 mode 2
Event: 0.720 Thread 0x000001e755f7c210 Uncommon trap: trap_request=0xffffff3d fr.pc=0x000001e7687a44dc relative=0x0000000000000cdc
Event: 0.720 Thread 0x000001e755f7c210 Uncommon trap: reason=unstable_fused_if action=reinterpret pc=0x000001e7687a44dc method=java.util.HashMap.resize()[Ljava/util/HashMap$Node; @ 31 c2
Event: 0.720 Thread 0x000001e755f7c210 DEOPT PACKING pc=0x000001e7687a44dc sp=0x000000d067afddd0
Event: 0.720 Thread 0x000001e755f7c210 DEOPT UNPACKING pc=0x000001e768087982 sp=0x000000d067afdd68 mode 2
Event: 0.725 Thread 0x000001e755f7c210 Uncommon trap: trap_request=0xffffff45 fr.pc=0x000001e768777560 relative=0x0000000000000060
Event: 0.725 Thread 0x000001e755f7c210 Uncommon trap: reason=unstable_if action=reinterpret pc=0x000001e768777560 method=java.lang.String.isLatin1()Z @ 10 c2
Event: 0.725 Thread 0x000001e755f7c210 DEOPT PACKING pc=0x000001e768777560 sp=0x000000d067afdc80
Event: 0.725 Thread 0x000001e755f7c210 DEOPT UNPACKING pc=0x000001e768087982 sp=0x000000d067afdc20 mode 2
Event: 0.885 Thread 0x000001e755f7c210 DEOPT PACKING pc=0x000001e760c4bc9f sp=0x000000d067afdc50
Event: 0.885 Thread 0x000001e755f7c210 DEOPT UNPACKING pc=0x000001e7680884c2 sp=0x000000d067afd0b0 mode 0

Classes loaded (20 events):
Event: 0.928 Loading class org/lwjgl/opengl/NVVertexAttribInteger64bit
Event: 0.928 Loading class org/lwjgl/opengl/NVVertexAttribInteger64bit done
Event: 0.929 Loading class org/lwjgl/opengl/NVVertexBufferUnifiedMemory
Event: 0.929 Loading class org/lwjgl/opengl/NVVertexBufferUnifiedMemory done
Event: 0.930 Loading class org/lwjgl/opengl/NVViewportSwizzle
Event: 0.930 Loading class org/lwjgl/opengl/NVViewportSwizzle done
Event: 0.930 Loading class org/lwjgl/opengl/NVXConditionalRender
Event: 0.930 Loading class org/lwjgl/opengl/NVXConditionalRender done
Event: 0.930 Loading class org/lwjgl/opengl/NVXGpuMulticast2
Event: 0.930 Loading class org/lwjgl/opengl/NVXGpuMulticast2 done
Event: 0.931 Loading class org/lwjgl/opengl/NVXProgressFence
Event: 0.931 Loading class org/lwjgl/opengl/NVXProgressFence done
Event: 0.931 Loading class org/lwjgl/opengl/OVRMultiview
Event: 0.931 Loading class org/lwjgl/opengl/OVRMultiview done
Event: 0.932 Loading class jdk/internal/reflect/MethodHandleLongFieldAccessorImpl
Event: 0.932 Loading class jdk/internal/reflect/MethodHandleLongFieldAccessorImpl done
Event: 0.933 Loading class org/lwjgl/system/CheckIntrinsics
Event: 0.933 Loading class org/lwjgl/system/CheckIntrinsics done
Event: 0.971 Loading class org/lwjgl/system/MultiReleaseMemCopy
Event: 0.971 Loading class org/lwjgl/system/MultiReleaseMemCopy done

Classes unloaded (0 events):
No events

Classes redefined (1 events):
Event: 0.155 Thread 0x000001e77a4ce830 redefined class name=java.lang.Throwable, count=1

Internal exceptions (20 events):
Event: 0.230 Thread 0x000001e755f7c210 Exception <a 'java/lang/NoSuchMethodError'{0x000000062a3da988}: 'java.lang.Object java.lang.invoke.DirectMethodHandle$Holder.invokeStatic(java.lang.Object, java.lang.Object, int)'> (0x000000062a3da988) 
thrown [s\open\src\hotspot\share\interpreter\linkResolver.cpp, line 796]
Event: 0.231 Thread 0x000001e755f7c210 Exception <a 'java/lang/NoSuchMethodError'{0x000000062a3e6170}: 'void java.lang.invoke.DelegatingMethodHandle$Holder.delegate(java.lang.Object, java.lang.Object, int, java.lang.Object)'> (0x000000062a3e6170) 
thrown [s\open\src\hotspot\share\interpreter\linkResolver.cpp, line 796]
Event: 0.231 Thread 0x000001e755f7c210 Exception <a 'java/lang/NoSuchMethodError'{0x000000062a3ea300}: 'int java.lang.invoke.DirectMethodHandle$Holder.invokeSpecial(java.lang.Object, java.lang.Object, java.lang.Object)'> (0x000000062a3ea300) 
thrown [s\open\src\hotspot\share\interpreter\linkResolver.cpp, line 796]
Event: 0.234 Thread 0x000001e755f7c210 Exception <a 'java/lang/NoSuchMethodError'{0x0000000629c068a0}: 'void java.lang.System.loadLibrary(java.lang.String, java.lang.Class)'> (0x0000000629c068a0) 
thrown [s\open\src\hotspot\share\interpreter\linkResolver.cpp, line 796]
Event: 0.251 Thread 0x000001e755f7c210 Exception <a 'sun/nio/fs/WindowsException'{0x0000000629c747e0}> (0x0000000629c747e0) 
thrown [s\open\src\hotspot\share\prims\jni.cpp, line 520]
Event: 0.251 Thread 0x000001e755f7c210 Exception <a 'sun/nio/fs/WindowsException'{0x0000000629c75e38}> (0x0000000629c75e38) 
thrown [s\open\src\hotspot\share\prims\jni.cpp, line 520]
Event: 0.270 Thread 0x000001e755f7c210 Exception <a 'sun/nio/fs/WindowsException'{0x0000000629d8ad60}> (0x0000000629d8ad60) 
thrown [s\open\src\hotspot\share\prims\jni.cpp, line 520]
Event: 0.270 Thread 0x000001e755f7c210 Exception <a 'sun/nio/fs/WindowsException'{0x0000000629d8b100}> (0x0000000629d8b100) 
thrown [s\open\src\hotspot\share\prims\jni.cpp, line 520]
Event: 0.274 Thread 0x000001e755f7c210 Exception <a 'java/lang/NoSuchMethodError'{0x0000000629d9ec28}: 'int java.lang.invoke.Invokers$Holder.invokeExact_MT(java.lang.Object, java.lang.Object)'> (0x0000000629d9ec28) 
thrown [s\open\src\hotspot\share\interpreter\linkResolver.cpp, line 796]
Event: 0.574 Thread 0x000001e755f7c210 Exception <a 'java/lang/NoSuchMethodError'{0x0000000629dfa668}: 'void java.lang.invoke.DirectMethodHandle$Holder.invokeStaticInit(java.lang.Object, long, double, double)'> (0x0000000629dfa668) 
thrown [s\open\src\hotspot\share\interpreter\linkResolver.cpp, line 796]
Event: 0.576 Thread 0x000001e755f7c210 Exception <a 'java/lang/NoSuchMethodError'{0x0000000629e09158}: 'void java.lang.invoke.DirectMethodHandle$Holder.invokeStaticInit(java.lang.Object, long, int, int, int)'> (0x0000000629e09158) 
thrown [s\open\src\hotspot\share\interpreter\linkResolver.cpp, line 796]
Event: 0.578 Thread 0x000001e755f7c210 Exception <a 'java/lang/NoSuchMethodError'{0x0000000629e20e60}: 'void java.lang.invoke.DirectMethodHandle$Holder.invokeStaticInit(java.lang.Object, long, int, int, int, int)'> (0x0000000629e20e60) 
thrown [s\open\src\hotspot\share\interpreter\linkResolver.cpp, line 796]
Event: 0.594 Thread 0x000001e755f7c210 Exception <a 'java/lang/NoSuchMethodError'{0x0000000629e492b8}: 'void java.lang.System.load(java.lang.String, java.lang.Class)'> (0x0000000629e492b8) 
thrown [s\open\src\hotspot\share\interpreter\linkResolver.cpp, line 796]
Event: 0.595 Thread 0x000001e755f7c210 Exception <a 'java/lang/NoSuchMethodError'{0x0000000629e4bd68}: 'void java.lang.System.loadLibrary(java.lang.String, java.lang.Class)'> (0x0000000629e4bd68) 
thrown [s\open\src\hotspot\share\interpreter\linkResolver.cpp, line 796]
Event: 0.597 Thread 0x000001e755f7c210 Exception <a 'sun/nio/fs/WindowsException'{0x0000000629e5b1f8}> (0x0000000629e5b1f8) 
thrown [s\open\src\hotspot\share\prims\jni.cpp, line 520]
Event: 0.597 Thread 0x000001e755f7c210 Exception <a 'sun/nio/fs/WindowsException'{0x0000000629e5b5d0}> (0x0000000629e5b5d0) 
thrown [s\open\src\hotspot\share\prims\jni.cpp, line 520]
Event: 0.600 Thread 0x000001e755f7c210 Exception <a 'sun/nio/fs/WindowsException'{0x0000000629e61608}> (0x0000000629e61608) 
thrown [s\open\src\hotspot\share\prims\jni.cpp, line 520]
Event: 0.600 Thread 0x000001e755f7c210 Exception <a 'sun/nio/fs/WindowsException'{0x0000000629e61918}> (0x0000000629e61918) 
thrown [s\open\src\hotspot\share\prims\jni.cpp, line 520]
Event: 0.932 Thread 0x000001e755f7c210 Exception <a 'java/lang/NoSuchMethodError'{0x00000006290321f0}: 'long java.lang.invoke.DelegatingMethodHandle$Holder.reinvoke_L(java.lang.Object, java.lang.Object)'> (0x00000006290321f0) 
thrown [s\open\src\hotspot\share\interpreter\linkResolver.cpp, line 796]
Event: 0.933 Thread 0x000001e755f7c210 Exception <a 'java/lang/NoSuchMethodError'{0x00000006290387e0}: 'long java.lang.invoke.Invokers$Holder.invokeExact_MT(java.lang.Object, java.lang.Object, java.lang.Object)'> (0x00000006290387e0) 
thrown [s\open\src\hotspot\share\interpreter\linkResolver.cpp, line 796]

VM Operations (10 events):
Event: 0.050 Executing VM operation: HandshakeAllThreads (Deoptimize)
Event: 0.050 Executing VM operation: HandshakeAllThreads (Deoptimize) done
Event: 0.136 Executing VM operation: ChangeBreakpoints
Event: 0.136 Executing VM operation: ChangeBreakpoints done
Event: 0.137 Executing VM operation: ChangeBreakpoints
Event: 0.137 Executing VM operation: ChangeBreakpoints done
Event: 0.154 Executing VM operation: RedefineClasses
Event: 0.155 Executing VM operation: RedefineClasses done
Event: 0.161 Executing VM operation: get/set locals
Event: 0.161 Executing VM operation: get/set locals done

Memory protections (0 events):
No events

Nmethod flushes (0 events):
No events

Events (20 events):
Event: 0.018 Thread 0x000001e755f7c210 Thread added: 0x000001e755f7c210
Event: 0.026 Thread 0x000001e755f7c210 Thread added: 0x000001e7450173a0
Event: 0.026 Thread 0x000001e755f7c210 Thread added: 0x000001e745019e10
Event: 0.027 Thread 0x000001e755f7c210 Thread added: 0x000001e74501adb0
Event: 0.027 Thread 0x000001e755f7c210 Thread added: 0x000001e74501ba70
Event: 0.027 Thread 0x000001e755f7c210 Thread added: 0x000001e74501c880
Event: 0.027 Thread 0x000001e755f7c210 Thread added: 0x000001e745047c20
Event: 0.027 Thread 0x000001e755f7c210 Thread added: 0x000001e74505a9e0
Event: 0.027 Thread 0x000001e755f7c210 Thread added: 0x000001e745064230
Event: 0.047 Thread 0x000001e755f7c210 Thread added: 0x000001e74517f2b0
Event: 0.050 Thread 0x000001e745064230 Thread added: 0x000001e7450671e0
Event: 0.051 Thread 0x000001e745064230 Thread added: 0x000001e745064900
Event: 0.052 Thread 0x000001e7450671e0 Thread added: 0x000001e745064fd0
Event: 0.054 Thread 0x000001e74505a9e0 Thread added: 0x000001e745066440
Event: 0.061 Thread 0x000001e755f7c210 Thread added: 0x000001e745325130
Event: 0.061 Thread 0x000001e755f7c210 Thread added: 0x000001e745326000
Event: 0.062 Thread 0x000001e745325130 Thread added: 0x000001e7452e8630
Event: 0.166 Thread 0x000001e755f7c210 Thread added: 0x000001e7453f1b90
Event: 0.574 Thread 0x000001e745066440 Thread exited: 0x000001e745066440
Event: 0.719 Thread 0x000001e745064900 Thread added: 0x000001e745065d70


Dynamic libraries:
0x00007ff6e7950000 - 0x00007ff6e7960000 	C:\Program Files\Java\jdk-23\bin\java.exe
0x00007ffc7e640000 - 0x00007ffc7e8a3000 	C:\WINDOWS\SYSTEM32\ntdll.dll
0x00007ffc7d6c0000 - 0x00007ffc7d787000 	C:\WINDOWS\System32\KERNEL32.DLL
0x00007ffc7b840000 - 0x00007ffc7bc09000 	C:\WINDOWS\System32\KERNELBASE.dll
0x00007ffc7c030000 - 0x00007ffc7c17c000 	C:\WINDOWS\System32\ucrtbase.dll
0x00007ffc6b010000 - 0x00007ffc6b02b000 	C:\Program Files\Java\jdk-23\bin\VCRUNTIME140.dll
0x00007ffc68c90000 - 0x00007ffc68ca7000 	C:\Program Files\Java\jdk-23\bin\jli.dll
0x00007ffc7d890000 - 0x00007ffc7da5a000 	C:\WINDOWS\System32\USER32.dll
0x00007ffc66070000 - 0x00007ffc66300000 	C:\WINDOWS\WinSxS\amd64_microsoft.windows.common-controls_6595b64144ccf1df_6.0.26100.3323_none_3e088096e3344490\COMCTL32.dll
0x00007ffc7c2f0000 - 0x00007ffc7c317000 	C:\WINDOWS\System32\win32u.dll
0x00007ffc7cda0000 - 0x00007ffc7ce49000 	C:\WINDOWS\System32\msvcrt.dll
0x00007ffc7da60000 - 0x00007ffc7da8a000 	C:\WINDOWS\System32\GDI32.dll
0x00007ffc7c320000 - 0x00007ffc7c451000 	C:\WINDOWS\System32\gdi32full.dll
0x00007ffc7bcb0000 - 0x00007ffc7bd53000 	C:\WINDOWS\System32\msvcp_win.dll
0x00007ffc7d570000 - 0x00007ffc7d59f000 	C:\WINDOWS\System32\IMM32.DLL
0x00007ffc6c590000 - 0x00007ffc6c59c000 	C:\Program Files\Java\jdk-23\bin\vcruntime140_1.dll
0x00007ffc566a0000 - 0x00007ffc5672e000 	C:\Program Files\Java\jdk-23\bin\msvcp140.dll
0x00007ffc45e50000 - 0x00007ffc46b9f000 	C:\Program Files\Java\jdk-23\bin\server\jvm.dll
0x00007ffc7dc30000 - 0x00007ffc7dce2000 	C:\WINDOWS\System32\ADVAPI32.dll
0x00007ffc7c560000 - 0x00007ffc7c606000 	C:\WINDOWS\System32\sechost.dll
0x00007ffc7c610000 - 0x00007ffc7c726000 	C:\WINDOWS\System32\RPCRT4.dll
0x00007ffc7d5b0000 - 0x00007ffc7d624000 	C:\WINDOWS\System32\WS2_32.dll
0x00007ffc7a4d0000 - 0x00007ffc7a51e000 	C:\WINDOWS\SYSTEM32\POWRPROF.dll
0x00007ffc73d80000 - 0x00007ffc73d8b000 	C:\WINDOWS\SYSTEM32\VERSION.dll
0x00007ffc6de50000 - 0x00007ffc6de86000 	C:\WINDOWS\SYSTEM32\WINMM.dll
0x00007ffc7a4b0000 - 0x00007ffc7a4c4000 	C:\WINDOWS\SYSTEM32\UMPDC.dll
0x00007ffc7a770000 - 0x00007ffc7a78a000 	C:\WINDOWS\SYSTEM32\kernel.appcore.dll
0x00007ffc6c550000 - 0x00007ffc6c55a000 	C:\Program Files\Java\jdk-23\bin\jimage.dll
0x00007ffc78bc0000 - 0x00007ffc78e01000 	C:\WINDOWS\SYSTEM32\DBGHELP.DLL
0x00007ffc7de60000 - 0x00007ffc7e1e2000 	C:\WINDOWS\System32\combase.dll
0x00007ffc7d7b0000 - 0x00007ffc7d886000 	C:\WINDOWS\System32\OLEAUT32.dll
0x00007ffc5fb20000 - 0x00007ffc5fb59000 	C:\WINDOWS\SYSTEM32\dbgcore.DLL
0x00007ffc7bc10000 - 0x00007ffc7bca9000 	C:\WINDOWS\System32\bcryptPrimitives.dll
0x00007ffc539d0000 - 0x00007ffc53a0c000 	C:\Program Files\Java\jdk-23\bin\jdwp.dll
0x00007ffc6c2e0000 - 0x00007ffc6c2ef000 	C:\Program Files\Java\jdk-23\bin\instrument.dll
0x00007ffc68c10000 - 0x00007ffc68c2e000 	C:\Program Files\Java\jdk-23\bin\java.dll
0x00007ffc7da90000 - 0x00007ffc7dc25000 	C:\WINDOWS\System32\ole32.dll
0x00007ffc7ce50000 - 0x00007ffc7d565000 	C:\WINDOWS\System32\SHELL32.dll
0x00007ffc7c180000 - 0x00007ffc7c2e8000 	C:\WINDOWS\System32\wintypes.dll
0x00007ffc68ba0000 - 0x00007ffc68bb7000 	C:\Program Files\Java\jdk-23\bin\zip.dll
0x00007ffc79520000 - 0x00007ffc79d65000 	C:\WINDOWS\SYSTEM32\windows.storage.dll
0x00007ffc7e1f0000 - 0x00007ffc7e2db000 	C:\WINDOWS\System32\SHCORE.dll
0x00007ffc7e320000 - 0x00007ffc7e37d000 	C:\WINDOWS\System32\shlwapi.dll
0x00007ffc7b750000 - 0x00007ffc7b77f000 	C:\WINDOWS\SYSTEM32\profapi.dll
0x00007ffc565c0000 - 0x00007ffc56697000 	C:\Program Files\Java\jdk-23\bin\jsvml.dll
0x00007ffc67420000 - 0x00007ffc6742c000 	C:\Program Files\Java\jdk-23\bin\dt_socket.dll
0x00007ffc7a0f0000 - 0x00007ffc7a123000 	C:\WINDOWS\SYSTEM32\IPHLPAPI.DLL
0x00007ffc7ac90000 - 0x00007ffc7acfa000 	C:\WINDOWS\system32\mswsock.dll
0x00007ffc6c160000 - 0x00007ffc6c170000 	C:\Program Files\Java\jdk-23\bin\net.dll
0x00007ffc68b80000 - 0x00007ffc68b96000 	C:\Program Files\Java\jdk-23\bin\nio.dll
0x00007ffc52ad0000 - 0x00007ffc52b34000 	C:\Users\sameed\AppData\Local\Temp\lwjglsameed\3.2.3-build-13\lwjgl.dll
0x00007ffc4d9b0000 - 0x00007ffc4da12000 	C:\Users\sameed\AppData\Local\Temp\lwjglsameed\3.2.3-build-13\glfw.dll
0x00007ffc784e0000 - 0x00007ffc7858e000 	C:\WINDOWS\system32\uxtheme.dll
0x00007ffc53980000 - 0x00007ffc539cb000 	C:\WINDOWS\SYSTEM32\dinput8.dll
0x00007ffc577e0000 - 0x00007ffc577f2000 	C:\WINDOWS\SYSTEM32\xinput1_4.dll
0x00007ffc7b4d0000 - 0x00007ffc7b52f000 	C:\WINDOWS\SYSTEM32\cfgmgr32.dll
0x00007ffc7b4a0000 - 0x00007ffc7b4cd000 	C:\WINDOWS\SYSTEM32\DEVOBJ.dll
0x00007ffc78810000 - 0x00007ffc78845000 	C:\WINDOWS\SYSTEM32\dwmapi.dll
0x00007ffc72e70000 - 0x00007ffc7304f000 	C:\WINDOWS\SYSTEM32\inputhost.dll
0x00007ffc77790000 - 0x00007ffc778b6000 	C:\WINDOWS\SYSTEM32\CoreMessaging.dll
0x00007ffc11c70000 - 0x00007ffc11da3000 	C:\ProgramData\A-Volute\A-Volute.Nahimic\Modules\Scheduled\x64\AudioDevProps2.dll
0x00007ffc7af50000 - 0x00007ffc7af5c000 	C:\WINDOWS\SYSTEM32\CRYPTBASE.DLL
0x00007ffc7e4a0000 - 0x00007ffc7e5fb000 	C:\WINDOWS\System32\MSCTF.dll
0x00007ffc79d70000 - 0x00007ffc79d7f000 	C:\WINDOWS\SYSTEM32\HID.DLL
0x00007ffc7c730000 - 0x00007ffc7cbb6000 	C:\WINDOWS\System32\SETUPAPI.DLL
0x00007ffc7bfa0000 - 0x00007ffc7c01f000 	C:\WINDOWS\System32\WINTRUST.dll
0x00007ffc7be20000 - 0x00007ffc7bf97000 	C:\WINDOWS\System32\CRYPT32.dll
0x00007ffc7afa0000 - 0x00007ffc7afb3000 	C:\WINDOWS\SYSTEM32\MSASN1.dll
0x00007ffbd3d10000 - 0x00007ffbd3e1c000 	C:\WINDOWS\SYSTEM32\opengl32.dll
0x00007ffbf4990000 - 0x00007ffbf49bd000 	C:\WINDOWS\SYSTEM32\GLU32.dll
0x00007ffc78e70000 - 0x00007ffc78eb7000 	C:\WINDOWS\SYSTEM32\dxcore.dll
0x00007ffc65f20000 - 0x00007ffc65f3a000 	C:\WINDOWS\SYSTEM32\windows.staterepositorycore.dll
0x00007ffbd9ec0000 - 0x00007ffbdc6ae000 	C:\WINDOWS\System32\DriverStore\FileRepository\nvlti.inf_amd64_071505319ec619da\nvoglv64.dll
0x00007ffc78130000 - 0x00007ffc78146000 	C:\WINDOWS\SYSTEM32\WTSAPI32.dll
0x00007ffc6be80000 - 0x00007ffc6bebb000 	C:\WINDOWS\SYSTEM32\cryptnet.dll
0x00007ffc7b010000 - 0x00007ffc7b06d000 	C:\WINDOWS\SYSTEM32\wldp.dll
0x00007ffc6bcb0000 - 0x00007ffc6be2b000 	C:\WINDOWS\SYSTEM32\drvstore.dll
0x00007ffc7a890000 - 0x00007ffc7a8c5000 	C:\WINDOWS\SYSTEM32\ntmarta.dll
0x00007ffc7e2f0000 - 0x00007ffc7e310000 	C:\WINDOWS\System32\imagehlp.dll
0x00007ffc7af30000 - 0x00007ffc7af4c000 	C:\WINDOWS\SYSTEM32\CRYPTSP.dll
0x00007ffc7a6d0000 - 0x00007ffc7a70a000 	C:\WINDOWS\system32\rsaenh.dll
0x00007ffc7b170000 - 0x00007ffc7b196000 	C:\WINDOWS\SYSTEM32\bcrypt.dll
0x00007ffc07ae0000 - 0x00007ffc0b27b000 	C:\WINDOWS\System32\DriverStore\FileRepository\nvlti.inf_amd64_071505319ec619da\nvgpucomp64.dll
0x00007ffc17e80000 - 0x00007ffc18184000 	C:\WINDOWS\system32\nvspcap64.dll
0x00007ffc7a020000 - 0x00007ffc7a087000 	C:\WINDOWS\SYSTEM32\WINSTA.dll
0x00007ffc73320000 - 0x00007ffc73466000 	C:\WINDOWS\SYSTEM32\textinputframework.dll
0x00007ffc52a70000 - 0x00007ffc52ac9000 	C:\Users\sameed\AppData\Local\Temp\lwjglsameed\3.2.3-build-13\lwjgl_opengl.dll

dbghelp: loaded successfully - version: 4.0.5 - missing functions: none
symbol engine: initialized successfully - sym options: 0x614 - pdb path: .;C:\Program Files\Java\jdk-23\bin;C:\WINDOWS\SYSTEM32;C:\WINDOWS\WinSxS\amd64_microsoft.windows.common-controls_6595b64144ccf1df_6.0.26100.3323_none_3e088096e3344490;C:\Program Files\Java\jdk-23\bin\server;C:\Users\sameed\AppData\Local\Temp\lwjglsameed\3.2.3-build-13;C:\ProgramData\A-Volute\A-Volute.Nahimic\Modules\Scheduled\x64;C:\WINDOWS\System32\DriverStore\FileRepository\nvlti.inf_amd64_071505319ec619da

VM Arguments:
jvm_args: -Ddebugger.agent.enable.coroutines=true -Dkotlinx.coroutines.debug.enable.creation.stack.trace=false -Dkotlinx.coroutines.debug.enable.flows.stack.trace=true -Dkotlinx.coroutines.debug.enable.mutable.state.flows.stack.trace=true -agentlib:jdwp=transport=dt_socket,server=n,suspend=y,address=127.0.0.1:55250 -javaagent:C:\Users\sameed\AppData\Local\JetBrains\IdeaIC2024.3\captureAgent\debugger-agent.jar -Dfile.encoding=UTF-8 -Duser.country=IN -Duser.language=en -Duser.variant -ea 
java_command: Main
java_class_path (initial): C:\Users\sameed\IdeaProjects\oops_project\build\classes\java\main;C:\Users\sameed\IdeaProjects\oops_project\build\resources\main;C:\Users\sameed\.gradle\caches\modules-2\files-2.1\org.lwjgl\lwjgl-assimp\3.2.3\f62aa07a20afbdd3097efc296c4841e0d29700eb\lwjgl-assimp-3.2.3.jar;C:\Users\sameed\.gradle\caches\modules-2\files-2.1\org.lwjgl\lwjgl-assimp\3.2.3\4e60aeb75f0343c4a9ede4ef8b6b32ca702a00a3\lwjgl-assimp-3.2.3-natives-windows.jar;C:\Users\sameed\.gradle\caches\modules-2\files-2.1\org.lwjgl\lwjgl-glfw\3.2.3\5e520d5c290c8b012545a8d34fa5db5ab051ea53\lwjgl-glfw-3.2.3.jar;C:\Users\sameed\.gradle\caches\modules-2\files-2.1\org.lwjgl\lwjgl-glfw\3.2.3\b4d8a3477cdc2edcf7a5f1e822926be846223f54\lwjgl-glfw-3.2.3-natives-windows.jar;C:\Users\sameed\.gradle\caches\modules-2\files-2.1\org.lwjgl\lwjgl-openal\3.2.3\106742e805803ab9eab8e343f0fb31a3d263903c\lwjgl-openal-3.2.3.jar;C:\Users\sameed\.gradle\caches\modules-2\files-2.1\org.lwjgl\lwjgl-openal\3.2.3\ec898e8ce11b5886f4f532a1536283ef2817758d\lwjgl-openal-3.2.3-natives-windows.jar;C:\Users\sameed\.gradle\caches\modules-2\files-2.1\org.lwjgl\lwjgl-opengl\3.2.3\bdd534a323d0c8f54969b95e424b6ac8984f7d6e\lwjgl-opengl-3.2.3.jar;C:\Users\sameed\.gradle\caches\modules-2\files-2.1\org.lwjgl\lwjgl-opengl\3.2.3\e81cfc73ec8708e5e791ed770e4ec3edfc1bbab1\lwjgl-opengl-3.2.3-natives-windows.jar;C:\Users\sameed\.gradle\caches\modules-2\files-2.1\org.lwjgl\lwjgl-stb\3.2.3\40eccaa4fa86fc815f2e17946a392fb5fdcc286a\lwjgl-stb-3.2.3.jar;C:\Users\sameed\.gradle\caches\modules-2\files-2.1\org.lwjgl\lwjgl-stb\3.2.3\817b21ec286f0ba3dcedb56a3bd275e6a9345be9\lwjgl-stb-3.2.3-natives-windows.jar;C:\Users\sameed\.gradle\caches\modules-2\files-2.1\org.lwjgl\lwjgl\3.2.3\17a59ba0fe8d474ec9dbe0d5db40d2cfe59c4c08\lwjgl-3.2.3.jar;C:\Users\sameed\.gradle\caches\modules-2\files-2.1\org.lwjgl\lwjgl\3.2.3\27f32cd35349684745951e04388e8e00d681cdcd\lwjgl-3.2.3-natives-windows.jar;C:\Users\sameed\.gradle\caches\modules-2\files-2.1\org.joml\joml\1.10.7\f8c3f2e7db281bde099342dd36133de4bbba390c\joml-1.10.7.jar;C:\Users\sameed\.gradle\caches\modules-2\files-2.1\org.jetbrains.kotlin\kotlin-stdlib-jdk8\1.8.20\73576ddf378c5b4f1f6b449fe6b119b8183fc078\kotlin-stdlib-jdk8-1.8.20.jar;C:\Users\sameed\.gradle\caches\modules-2\files-2.1\org.jetbrains.kotlin\kotlin-stdlib-jdk7\1.8.20\3aa51faf20aae8b31e1a4bc54f8370673d7b7df4\kotlin-stdlib-jdk7-1.8.20.jar;C:\Users\sameed\.gradle\caches\modules-2\files-2.1\org.jetbrains.kotlin\kotlin-stdlib\1.8.20\e72fc5e03ec6c064c678a6bd0d955c88d55b0c4a\kotlin-stdlib-1.8.20.jar;C:\Users\sameed\.gradle\caches\modules-2\files-2.1\org.jetbrains.kotlin\kotlin-stdlib-common\1.8.20\5eddaaf234c8c49d03eebeb6a14feb7f90faca71\kotlin-stdlib-common-1.8.20.jar;C:\Users\sameed\.gradle\caches\modules-2\files-2.1\org.jetbrains\annotations\13.0\919f0dfe192fb4e063e7dacadee7f8bb9a2672a9\annotations-13.0.jar
Launcher Type: SUN_STANDARD

[Global flags]
     intx CICompilerCount                          = 12                                        {product} {ergonomic}
     uint ConcGCThreads                            = 3                                         {product} {ergonomic}
     uint G1ConcRefinementThreads                  = 13                                        {product} {ergonomic}
   size_t G1HeapRegionSize                         = 4194304                                   {product} {ergonomic}
   size_t InitialHeapSize                          = 528482304                                 {product} {ergonomic}
   size_t MarkStackSize                            = 4194304                                   {product} {ergonomic}
   size_t MarkStackSizeMax                         = 536870912                                 {product} {ergonomic}
   size_t MaxHeapSize                              = 8405385216                                {product} {ergonomic}
   size_t MaxNewSize                               = 5041553408                                {product} {ergonomic}
   size_t MinHeapDeltaBytes                        = 4194304                                   {product} {ergonomic}
   size_t MinHeapSize                              = 8388608                                   {product} {ergonomic}
    uintx NonNMethodCodeHeapSize                   = 7602176                                {pd product} {ergonomic}
    uintx NonProfiledCodeHeapSize                  = 122093568                              {pd product} {ergonomic}
     bool PerfDisableSharedMem                     = true                                      {product} {ergonomic}
    uintx ProfiledCodeHeapSize                     = 121962496                              {pd product} {ergonomic}
    uintx ReservedCodeCacheSize                    = 251658240                              {pd product} {ergonomic}
     bool SegmentedCodeCache                       = true                                      {product} {ergonomic}
   size_t SoftMaxHeapSize                          = 8405385216                             {manageable} {ergonomic}
     bool UseCompressedOops                        = true                           {product lp64_product} {ergonomic}
     bool UseG1GC                                  = true                                      {product} {ergonomic}
     bool UseLargePagesIndividualAllocation        = false                                  {pd product} {ergonomic}

Logging:
Log output configuration:
 #0: stdout all=warning uptime,level,tags foldmultilines=false
 #1: stderr all=off uptime,level,tags foldmultilines=false

Environment Variables:
JAVA_HOME=C:\Program Files\Eclipse Adoptium\jdk-17.0.13.11-hotspot\
PATH=C:\Program Files\Common Files\Oracle\Java\javapath;C:\Program Files (x86)\Common Files\Oracle\Java\java8path;C:\Program Files (x86)\Common Files\Oracle\Java\javapath;C:\Program Files\Eclipse Adoptium\jdk-17.0.13.11-hotspot\bin;C:\WINDOWS\system32;C:\WINDOWS;C:\WINDOWS\System32\Wbem;C:\WINDOWS\System32\WindowsPowerShell\v1.0\;C:\WINDOWS\System32\OpenSSH\;C:\Program Files (x86)\NVIDIA Corporation\PhysX\Common;C:\MinGW\bin;C:\Program Files\Git\cmd;C:\Program Files\NVIDIA Corporation\NVIDIA app\NvDLISR;C:\Program Files\dotnet\;C:\Program Files (x86)\Windows Kits\10\Windows Performance Toolkit\;C:\cmake-3.31.3-windows-x86_64\bin;C:\NodeJs;C:\Program Files\MySQL\MySQL Shell 8.0\bin\;C:\Users\sameed\AppData\Local\Microsoft\WindowsApps;C:\Users\sameed\AppData\Local\Programs\Microsoft VS Code\bin;C:\ffmpeg\bin;C:\Users\sameed\AppData\Local\Packages\PythonSoftwareFoundation.Python.3.13_qbz5n2kfra8p0\LocalCache\local-packages\Python313\Scripts;C:\Users\sameed\.dotnet\tools;C:\Users\sameed\AppData\Local\Microsoft\WinGet\Packages\Schniz.fnm_Microsoft.Winget.Source_8wekyb3d8bbwe;
USERNAME=sameed
OS=Windows_NT
PROCESSOR_IDENTIFIER=AMD64 Family 25 Model 117 Stepping 2, AuthenticAMD
TMP=C:\Users\sameed\AppData\Local\Temp
TEMP=C:\Users\sameed\AppData\Local\Temp




Periodic native trim disabled

---------------  S Y S T E M  ---------------

OS:
 Windows 11 , 64 bit Build 26100 (10.0.26100.3323)
OS uptime: 0 days 2:59 hours
Hyper-V role detected

CPU: total 16 (initial active 16) (16 cores per cpu, 2 threads per core) family 25 model 117 stepping 2 microcode 0xa705203, cx8, cmov, fxsr, ht, mmx, 3dnowpref, sse, sse2, sse3, ssse3, sse4a, sse4.1, sse4.2, popcnt, lzcnt, tsc, tscinvbit, avx, avx2, aes, erms, clmul, bmi1, bmi2, adx, avx512f, avx512dq, avx512cd, avx512bw, avx512vl, sha, fma, vzeroupper, avx512_vpopcntdq, avx512_vpclmulqdq, avx512_vaes, avx512_vnni, clflush, clflushopt, avx512_vbmi2, avx512_vbmi, hv, rdtscp, rdpid, fsrm, gfni, avx512_bitalg, f16c, cet_ss, avx512_ifma
Processor Information for the first 16 processors :
  Max Mhz: 3801, Current Mhz: 3801, Mhz Limit: 3801

Memory: 4k page, system-wide physical 32058M (16400M free)
TotalPageFile size 34106M (AvailPageFile size 13825M)
current process WorkingSet (physical memory assigned to process): 134M, peak: 135M
current process commit charge ("private bytes"): 727M, peak: 728M

vm_info: Java HotSpot(TM) 64-Bit Server VM (23.0.1+11-39) for windows-amd64 JRE (23.0.1+11-39), built on 2024-09-30T07:20:43Z with MS VC++ 17.6 (VS2022)

END.
